<?xml version="1.0" encoding="UTF-8"?>
<!-- Generated by org.testng.reporters.JUnitXMLReporter -->
<testsuite hostname="DESKTOP-C3O2LMD" ignored="0" name="Default test" tests="4" failures="0" timestamp="27 Apr 2021 07:23:54 GMT" time="373.718" errors="0">
  <testcase name="regPage" time="6.321" classname="com.cjc.dws.test.Tests"/>
  <testcase name="addtocart" time="283.058" classname="com.cjc.dws.test.Tests"/>
  <testcase name="shopcart" time="3.519" classname="com.cjc.dws.test.Tests"/>
  <testcase name="paymentGateway" time="20.471" classname="com.cjc.dws.test.Tests"/>
</testsuite> <!-- Default test -->
