<?xml version="1.0" encoding="UTF-8"?>
<testng-results skipped="0" failed="0" ignored="0" total="4" passed="4">
  <reporter-output>
  </reporter-output>
  <suite name="Default suite" duration-ms="373718" started-at="2021-04-27T07:17:40Z" finished-at="2021-04-27T07:23:53Z">
    <groups>
    </groups>
    <test name="Default test" duration-ms="373718" started-at="2021-04-27T07:17:40Z" finished-at="2021-04-27T07:23:53Z">
      <class name="com.cjc.dws.test.Tests">
        <test-method status="PASS" signature="openBrowser()[pri:0, instance:com.cjc.dws.test.Tests@43ee72e6]" name="openBrowser" is-config="true" duration-ms="4324" started-at="2021-04-27T07:17:35Z" finished-at="2021-04-27T07:17:40Z">
          <reporter-output>
          </reporter-output>
        </test-method> <!-- openBrowser -->
        <test-method status="PASS" signature="openURL()[pri:0, instance:com.cjc.dws.test.Tests@43ee72e6]" name="openURL" is-config="true" duration-ms="60122" started-at="2021-04-27T07:17:40Z" finished-at="2021-04-27T07:18:40Z">
          <reporter-output>
          </reporter-output>
        </test-method> <!-- openURL -->
        <test-method status="PASS" signature="maximize()[pri:0, instance:com.cjc.dws.test.Tests@43ee72e6]" name="maximize" is-config="true" duration-ms="143" started-at="2021-04-27T07:18:40Z" finished-at="2021-04-27T07:18:40Z">
          <reporter-output>
          </reporter-output>
        </test-method> <!-- maximize -->
        <test-method status="PASS" signature="cookies()[pri:0, instance:com.cjc.dws.test.Tests@43ee72e6]" name="cookies" is-config="true" duration-ms="1" started-at="2021-04-27T07:18:40Z" finished-at="2021-04-27T07:18:40Z">
          <reporter-output>
          </reporter-output>
        </test-method> <!-- cookies -->
        <test-method status="PASS" signature="regPage()[pri:-3, instance:com.cjc.dws.test.Tests@43ee72e6]" name="regPage" duration-ms="6321" started-at="2021-04-27T07:18:40Z" finished-at="2021-04-27T07:18:46Z">
          <reporter-output>
          </reporter-output>
        </test-method> <!-- regPage -->
        <test-method status="PASS" signature="cookies()[pri:0, instance:com.cjc.dws.test.Tests@43ee72e6]" name="cookies" is-config="true" duration-ms="1" started-at="2021-04-27T07:18:46Z" finished-at="2021-04-27T07:18:46Z">
          <reporter-output>
          </reporter-output>
        </test-method> <!-- cookies -->
        <test-method status="PASS" signature="addtocart()[pri:-2, instance:com.cjc.dws.test.Tests@43ee72e6]" name="addtocart" duration-ms="283058" started-at="2021-04-27T07:18:46Z" finished-at="2021-04-27T07:23:29Z">
          <reporter-output>
          </reporter-output>
        </test-method> <!-- addtocart -->
        <test-method status="PASS" signature="cookies()[pri:0, instance:com.cjc.dws.test.Tests@43ee72e6]" name="cookies" is-config="true" duration-ms="0" started-at="2021-04-27T07:23:29Z" finished-at="2021-04-27T07:23:29Z">
          <reporter-output>
          </reporter-output>
        </test-method> <!-- cookies -->
        <test-method status="PASS" signature="shopcart()[pri:-1, instance:com.cjc.dws.test.Tests@43ee72e6]" name="shopcart" duration-ms="3519" started-at="2021-04-27T07:23:29Z" finished-at="2021-04-27T07:23:33Z">
          <reporter-output>
          </reporter-output>
        </test-method> <!-- shopcart -->
        <test-method status="PASS" signature="cookies()[pri:0, instance:com.cjc.dws.test.Tests@43ee72e6]" name="cookies" is-config="true" duration-ms="0" started-at="2021-04-27T07:23:33Z" finished-at="2021-04-27T07:23:33Z">
          <reporter-output>
          </reporter-output>
        </test-method> <!-- cookies -->
        <test-method status="PASS" signature="paymentGateway()[pri:1, instance:com.cjc.dws.test.Tests@43ee72e6]" name="paymentGateway" duration-ms="20471" started-at="2021-04-27T07:23:33Z" finished-at="2021-04-27T07:23:53Z">
          <reporter-output>
          </reporter-output>
        </test-method> <!-- paymentGateway -->
      </class> <!-- com.cjc.dws.test.Tests -->
    </test> <!-- Default test -->
  </suite> <!-- Default suite -->
</testng-results>
